<?xml version="1.0" encoding="UTF-8"?>
<testsuite name="pathfinder.junitTests.textInterface.testCampusMap" tests="2" skipped="0" failures="0" errors="0" timestamp="2023-02-25T04:53:20" hostname="XiaxiShens-MacBook-Pro.local" time="0.021">
  <properties/>
  <testcase name="testException" classname="pathfinder.junitTests.textInterface.testCampusMap" time="0.02"/>
  <testcase name="testBuildingFromShortname" classname="pathfinder.junitTests.textInterface.testCampusMap" time="0.001"/>
  <system-out><![CDATA[]]></system-out>
  <system-err><![CDATA[]]></system-err>
</testsuite>
