<?xml version="1.0" encoding="UTF-8"?>
<testsuite name="pathfinder.scriptTestRunner.ScriptFileTests" tests="7" skipped="0" failures="0" errors="0" timestamp="2023-02-25T04:53:20" hostname="XiaxiShens-MacBook-Pro.local" time="0.017">
  <properties/>
  <testcase name="checkOutput[exampleDijkstraTest]" classname="pathfinder.scriptTestRunner.ScriptFileTests" time="0.009"/>
  <testcase name="checkOutput[PathToSelfTest]" classname="pathfinder.scriptTestRunner.ScriptFileTests" time="0.002"/>
  <testcase name="checkOutput[FindPathTest]" classname="pathfinder.scriptTestRunner.ScriptFileTests" time="0.001"/>
  <testcase name="checkOutput[NullBothTest]" classname="pathfinder.scriptTestRunner.ScriptFileTests" time="0.001"/>
  <testcase name="checkOutput[NullStartTest]" classname="pathfinder.scriptTestRunner.ScriptFileTests" time="0.001"/>
  <testcase name="checkOutput[NullEndTest]" classname="pathfinder.scriptTestRunner.ScriptFileTests" time="0.001"/>
  <testcase name="checkOutput[NullPathTest]" classname="pathfinder.scriptTestRunner.ScriptFileTests" time="0.001"/>
  <system-out><![CDATA[]]></system-out>
  <system-err><![CDATA[]]></system-err>
</testsuite>
