<?xml version="1.0" encoding="UTF-8"?>
<testsuite name="pathfinder.junitTests.textInterface.TestTextInterfaceView" tests="2" skipped="0" failures="0" errors="0" timestamp="2023-02-25T04:53:20" hostname="XiaxiShens-MacBook-Pro.local" time="0.0">
  <properties/>
  <testcase name="testBlockingInputWithoutHandler" classname="pathfinder.junitTests.textInterface.TestTextInterfaceView" time="0.0"/>
  <testcase name="testBeginWithoutHandler" classname="pathfinder.junitTests.textInterface.TestTextInterfaceView" time="0.0"/>
  <system-out><![CDATA[]]></system-out>
  <system-err><![CDATA[]]></system-err>
</testsuite>
